<?xml version="1.0" encoding="UTF-8"?>
<!-- Generated by org.testng.reporters.JUnitXMLReporter -->
<testsuite ignored="1" hostname="Mac-HoaiLong.local" failures="0" tests="1" name="Register Broker Failed" time="15.235" errors="0" timestamp="2024-07-23T09:50:46 ICT">
  <testcase classname="HomeMeta.PageObjects.RegisterBroker" name="RegisterBrokerFailed" time="9.982"/>
  <testcase classname="HomeMeta.PageObjects.RegisterBroker" name="RegisterBrokerTest" time="0.0">
    <ignored/>
  </testcase> <!-- RegisterBrokerTest -->
</testsuite> <!-- Register Broker Failed -->
