<?xml version="1.0" encoding="UTF-8"?>
<!-- Generated by org.testng.reporters.JUnitXMLReporter -->
<testsuite ignored="1" hostname="Mac-HoaiLong.local" failures="0" tests="1" name="Register Broker Success" time="52.159" errors="0" timestamp="2024-07-23T09:50:30 ICT">
  <testcase classname="HomeMeta.PageObjects.RegisterBroker" name="RegisterBrokerTest" time="46.008"/>
  <testcase classname="HomeMeta.PageObjects.RegisterBroker" name="RegisterBrokerFailed" time="0.0">
    <ignored/>
  </testcase> <!-- RegisterBrokerFailed -->
</testsuite> <!-- Register Broker Success -->
