<?xml version="1.0" encoding="UTF-8"?>
<!-- Generated by org.testng.reporters.JUnitXMLReporter -->
<testsuite ignored="1" hostname="Mac-HoaiLong.local" failures="0" tests="1" name="Add Mailing List Import File Duplicated" time="53.18" errors="0" timestamp="2024-07-24T11:21:05 ICT">
  <testcase classname="HomeMeta.PageObjects.AddMailingListImportFile" name="AddMailingListDuplicatedTest" time="49.475"/>
  <testcase classname="HomeMeta.PageObjects.AddMailingListImportFile" name="AddMailingListIncorrectFormat" time="0.0">
    <ignored/>
  </testcase> <!-- AddMailingListIncorrectFormat -->
</testsuite> <!-- Add Mailing List Import File Duplicated -->
