<?xml version="1.0" encoding="UTF-8"?>
<!-- Generated by org.testng.reporters.JUnitXMLReporter -->
<testsuite ignored="1" hostname="Mac-HoaiLong.local" failures="0" tests="1" name="Add Mailing List with Draw Failed" time="36.121" errors="0" timestamp="2024-07-23T15:49:27 ICT">
  <testcase classname="HomeMeta.PageObjects.AddMailingList" name="AddMailingListFailed" time="30.561"/>
  <testcase classname="HomeMeta.PageObjects.AddMailingList" name="AddMailingListTest" time="0.0">
    <ignored/>
  </testcase> <!-- AddMailingListTest -->
</testsuite> <!-- Add Mailing List with Draw Failed -->
