<?xml version="1.0" encoding="UTF-8"?>
<!-- Generated by org.testng.reporters.JUnitXMLReporter -->
<testsuite ignored="1" hostname="Mac-HoaiLong.local" failures="0" tests="1" name="Add Mailing List with Draw Success" time="58.683" errors="0" timestamp="2024-07-23T15:48:51 ICT">
  <testcase classname="HomeMeta.PageObjects.AddMailingList" name="AddMailingListTest" time="52.349"/>
  <testcase classname="HomeMeta.PageObjects.AddMailingList" name="AddMailingListFailed" time="0.0">
    <ignored/>
  </testcase> <!-- AddMailingListFailed -->
</testsuite> <!-- Add Mailing List with Draw Success -->
