<?xml version="1.0" encoding="UTF-8"?>
<!-- Generated by org.testng.reporters.JUnitXMLReporter -->
<testsuite ignored="1" hostname="Mac-HoaiLong.local" failures="0" tests="1" name="Add Mailing List Import File Incorrect Format" time="27.264" errors="0" timestamp="2024-07-24T11:21:33 ICT">
  <testcase classname="HomeMeta.PageObjects.AddMailingListImportFile" name="AddMailingListIncorrectFormat" time="21.519"/>
  <testcase classname="HomeMeta.PageObjects.AddMailingListImportFile" name="AddMailingListDuplicatedTest" time="0.0">
    <ignored/>
  </testcase> <!-- AddMailingListDuplicatedTest -->
</testsuite> <!-- Add Mailing List Import File Incorrect Format -->
