<?xml version="1.0" encoding="UTF-8"?>
<!-- Generated by org.testng.reporters.JUnitXMLReporter -->
<testsuite ignored="0" hostname="Mac-HoaiLong.local" failures="1" tests="1" name="Create DripsSmartStriggers" time="40.192" errors="0" timestamp="2024-07-16T15:40:19 ICT">
  <testcase classname="HomeMeta.PageObjects.CreateDripsSmartStriggers" name="CreateCampagin" time="32.366">
    <failure type="java.lang.AssertionError" message="expected [false] but found [true]">
      <![CDATA[java.lang.AssertionError: expected [false] but found [true]
at HomeMeta.PageObjects.CreateDripsSmartStriggers.CreateCampagin(CreateDripsSmartStriggers.java:23)
at java.base/java.util.ArrayList.forEach(ArrayList.java:1511)
at java.base/java.util.concurrent.FutureTask.run(FutureTask.java:264)
at java.base/java.util.concurrent.ThreadPoolExecutor.runWorker(ThreadPoolExecutor.java:1136)
at java.base/java.util.concurrent.ThreadPoolExecutor$Worker.run(ThreadPoolExecutor.java:635)
at java.base/java.lang.Thread.run(Thread.java:833)
... Removed 21 stack frames]]>
    </failure>
  </testcase> <!-- CreateCampagin -->
</testsuite> <!-- Create DripsSmartStriggers -->
