<?xml version="1.0" encoding="UTF-8"?>
<!-- Generated by org.testng.reporters.JUnitXMLReporter -->
<testsuite ignored="0" hostname="Mac-HoaiLong.local" failures="0" tests="2" name="Create DripsSmartStriggers and DripsCampaigns" time="73.255" errors="0" timestamp="2024-07-09T14:56:20 ICT">
  <testcase classname="HomeMeta.PageObjects.CreateDripsSmartStriggers" name="CreateCampagin" time="32.607"/>
  <testcase classname="HomeMeta.PageObjects.CreateDripsCampaigns" name="CreateCampagin" time="28.719"/>
</testsuite> <!-- Create DripsSmartStriggers and DripsCampaigns -->
