<?xml version="1.0" encoding="UTF-8"?>
<!-- Generated by org.testng.reporters.JUnitXMLReporter -->
<testsuite ignored="1" hostname="Mac-HoaiLong.local" failures="0" tests="0" name="Create Campaign TemPlate Payment with Credit Card" time="4.617" errors="0" timestamp="2024-07-26T16:08:40 ICT">
  <testcase classname="HomeMeta.PageObjects.CreateCampaign" name="CreateCampaignPaymentCPCredits" time="0.0">
    <ignored/>
  </testcase> <!-- CreateCampaignPaymentCPCredits -->
</testsuite> <!-- Create Campaign TemPlate Payment with Credit Card -->
