<?xml version="1.0" encoding="UTF-8"?>
<!-- Generated by org.testng.reporters.JUnitXMLReporter -->
<testsuite ignored="2" hostname="Mac-HoaiLong.local" failures="0" tests="1" name="Create Campaign TemPlate Payment with Campaign Credits and Credit Card" time="120.477" errors="0" timestamp="2024-07-30T14:10:33 ICT">
  <testcase classname="HomeMeta.PageObjects.CreateCampaign" name="CreateCampaignTest" time="110.78"/>
  <testcase classname="HomeMeta.PageObjects.CreateCampaign" name="VerifyCampaignManagerRole" time="0.0">
    <ignored/>
  </testcase> <!-- VerifyCampaignManagerRole -->
  <testcase classname="HomeMeta.PageObjects.CreateCampaign" name="CreateCampaignManagerTest" time="0.0">
    <ignored/>
  </testcase> <!-- CreateCampaignManagerTest -->
</testsuite> <!-- Create Campaign TemPlate Payment with Campaign Credits and Credit Card -->
