<?xml version="1.0" encoding="UTF-8"?>
<!-- Generated by org.testng.reporters.JUnitXMLReporter -->
<testsuite ignored="1" hostname="Mac-HoaiLong.local" failures="0" tests="2" name="Create Campaign TemPlate with Manager Role" time="73.57" errors="0" timestamp="2024-07-30T14:23:28 ICT">
  <testcase classname="HomeMeta.PageObjects.CreateCampaign" name="CreateCampaignManagerTest" time="51.761"/>
  <testcase classname="HomeMeta.PageObjects.CreateCampaign" name="VerifyCampaignManagerRole" time="16.252"/>
  <testcase classname="HomeMeta.PageObjects.CreateCampaign" name="CreateCampaignTest" time="0.0">
    <ignored/>
  </testcase> <!-- CreateCampaignTest -->
</testsuite> <!-- Create Campaign TemPlate with Manager Role -->
