<?xml version="1.0" encoding="UTF-8"?>
<!-- Generated by org.testng.reporters.JUnitXMLReporter -->
<testsuite ignored="2" hostname="Mac-HoaiLong.local" failures="0" tests="1" name="Register not Found" time="15.639" errors="0" timestamp="2024-07-23T09:28:30 ICT">
  <testcase classname="HomeMeta.PageObjects.RegisterAgent1" name="RegisterAgentNotFound" time="11.235"/>
  <testcase classname="HomeMeta.PageObjects.RegisterAgent1" name="RegisterAgentFailed" time="0.0">
    <ignored/>
  </testcase> <!-- RegisterAgentFailed -->
  <testcase classname="HomeMeta.PageObjects.RegisterAgent1" name="RegisterAgent" time="0.0">
    <ignored/>
  </testcase> <!-- RegisterAgent -->
</testsuite> <!-- Register not Found -->
