<?xml version="1.0" encoding="UTF-8"?>
<!-- Generated by org.testng.reporters.JUnitXMLReporter -->
<testsuite ignored="2" hostname="Mac-HoaiLong.local" failures="0" tests="0" name="Register Sucess" time="13.684" errors="0" timestamp="2024-07-19T17:59:39 ICT">
  <testcase classname="HomeMeta.PageObjects.RegisterAgent1" name="RegisterAgentFailed" time="0.0">
    <ignored/>
  </testcase> <!-- RegisterAgentFailed -->
  <testcase classname="HomeMeta.PageObjects.RegisterAgent1" name="RegisterAgentNotFound" time="0.0">
    <ignored/>
  </testcase> <!-- RegisterAgentNotFound -->
</testsuite> <!-- Register Sucess -->
