<?xml version="1.0" encoding="UTF-8"?>
<!-- Generated by org.testng.reporters.JUnitXMLReporter -->
<testsuite ignored="2" hostname="Mac-HoaiLong.local" failures="0" tests="1" name="Register Manager Failed" time="17.262" errors="0" timestamp="2024-07-23T09:45:15 ICT">
  <testcase classname="HomeMeta.PageObjects.RegisterManager" name="RegisterManagerFailed" time="11.953"/>
  <testcase classname="HomeMeta.PageObjects.RegisterManager" name="RegisterManagerTest" time="0.0">
    <ignored/>
  </testcase> <!-- RegisterManagerTest -->
  <testcase classname="HomeMeta.PageObjects.RegisterManager" name="RegisterManagerNotFound" time="0.0">
    <ignored/>
  </testcase> <!-- RegisterManagerNotFound -->
</testsuite> <!-- Register Manager Failed -->
