<?xml version="1.0" encoding="UTF-8"?>
<!-- Generated by org.testng.reporters.JUnitXMLReporter -->
<testsuite ignored="2" hostname="Mac-HoaiLong.local" failures="1" tests="1" name="Register Sucess" time="29.705" errors="0" timestamp="2024-07-22T16:06:47 ICT">
  <testcase classname="HomeMeta.PageObjects.RegisterManager" name="RegisterManagerTest" time="25.813">
    <failure type="java.lang.AssertionError" message="expected [true] but found [false]">
      <![CDATA[java.lang.AssertionError: expected [true] but found [false]
at HomeMeta.PageObjects.RegisterManager.RegisterManagerTest(RegisterManager.java:61)
at java.base/java.util.ArrayList.forEach(ArrayList.java:1511)
... Removed 31 stack frames]]>
    </failure>
  </testcase> <!-- RegisterManagerTest -->
  <testcase classname="HomeMeta.PageObjects.RegisterManager" name="RegisterManagerNotFound" time="0.0">
    <ignored/>
  </testcase> <!-- RegisterManagerNotFound -->
  <testcase classname="HomeMeta.PageObjects.RegisterManager" name="RegisterManagerFailed" time="0.0">
    <ignored/>
  </testcase> <!-- RegisterManagerFailed -->
</testsuite> <!-- Register Sucess -->
