<?xml version="1.0" encoding="UTF-8"?>
<!-- Generated by org.testng.reporters.JUnitXMLReporter -->
<testsuite ignored="2" hostname="Mac-HoaiLong.local" failures="0" tests="1" name="Register Manager not Found" time="10.814" errors="0" timestamp="2024-07-23T09:45:26 ICT">
  <testcase classname="HomeMeta.PageObjects.RegisterManager" name="RegisterManagerNotFound" time="7.391"/>
  <testcase classname="HomeMeta.PageObjects.RegisterManager" name="RegisterManagerTest" time="0.0">
    <ignored/>
  </testcase> <!-- RegisterManagerTest -->
  <testcase classname="HomeMeta.PageObjects.RegisterManager" name="RegisterManagerFailed" time="0.0">
    <ignored/>
  </testcase> <!-- RegisterManagerFailed -->
</testsuite> <!-- Register Manager not Found -->
