<?xml version="1.0" encoding="UTF-8"?>
<!-- Generated by org.testng.reporters.JUnitXMLReporter -->
<testsuite ignored="2" hostname="Mac-HoaiLong.local" failures="0" tests="1" name="Register Manager Success" time="41.578" errors="0" timestamp="2024-07-23T09:44:58 ICT">
  <testcase classname="HomeMeta.PageObjects.RegisterManager" name="RegisterManagerTest" time="34.988"/>
  <testcase classname="HomeMeta.PageObjects.RegisterManager" name="RegisterManagerNotFound" time="0.0">
    <ignored/>
  </testcase> <!-- RegisterManagerNotFound -->
  <testcase classname="HomeMeta.PageObjects.RegisterManager" name="RegisterManagerFailed" time="0.0">
    <ignored/>
  </testcase> <!-- RegisterManagerFailed -->
</testsuite> <!-- Register Manager Success -->
