<?xml version="1.0" encoding="UTF-8"?>
<!-- Generated by org.testng.reporters.JUnitXMLReporter -->
<testsuite ignored="2" hostname="Mac-HoaiLong.local" failures="0" tests="1" name="Register Failed" time="17.702" errors="0" timestamp="2024-07-22T16:06:08 ICT">
  <testcase classname="HomeMeta.PageObjects.RegisterManager" name="RegisterManagerFailed" time="11.337"/>
  <testcase classname="HomeMeta.PageObjects.RegisterManager" name="RegisterManagerTest" time="0.0">
    <ignored/>
  </testcase> <!-- RegisterManagerTest -->
  <testcase classname="HomeMeta.PageObjects.RegisterManager" name="RegisterManagerNotFound" time="0.0">
    <ignored/>
  </testcase> <!-- RegisterManagerNotFound -->
</testsuite> <!-- Register Failed -->
