<?xml version="1.0" encoding="UTF-8"?>
<!-- Generated by org.testng.reporters.JUnitXMLReporter -->
<testsuite ignored="2" hostname="Mac-HoaiLong.local" failures="0" tests="1" name="Register not Found" time="9.659" errors="0" timestamp="2024-07-22T16:06:18 ICT">
  <testcase classname="HomeMeta.PageObjects.RegisterManager" name="RegisterManagerNotFound" time="7.317"/>
  <testcase classname="HomeMeta.PageObjects.RegisterManager" name="RegisterManagerFailed" time="0.0">
    <ignored/>
  </testcase> <!-- RegisterManagerFailed -->
  <testcase classname="HomeMeta.PageObjects.RegisterManager" name="RegisterManagerTest" time="0.0">
    <ignored/>
  </testcase> <!-- RegisterManagerTest -->
</testsuite> <!-- Register not Found -->
