<?xml version="1.0" encoding="UTF-8"?>
<testng-results ignored="0" total="2" passed="2" failed="0" skipped="0">
  <reporter-output>
  </reporter-output>
  <suite started-at="2024-07-24T11:20:12 ICT" name="Add Mailing List with Draw" finished-at="2024-07-24T11:21:32 ICT" duration-ms="80826">
    <groups>
    </groups>
    <test started-at="2024-07-24T11:20:12 ICT" name="Add Mailing List Import File Duplicated" finished-at="2024-07-24T11:21:05 ICT" duration-ms="53180">
      <class name="HomeMeta.PageObjects.AddMailingListImportFile">
        <test-method is-config="true" signature="launchApplication()[pri:0, instance:HomeMeta.PageObjects.AddMailingListImportFile@2766ca9d]" started-at="2024-07-24T11:20:12 ICT" name="launchApplication" finished-at="2024-07-24T11:20:15 ICT" duration-ms="3471" status="PASS">
          <reporter-output>
          </reporter-output>
        </test-method> <!-- launchApplication -->
        <test-method signature="AddMailingListDuplicatedTest(java.util.HashMap)[pri:0, instance:HomeMeta.PageObjects.AddMailingListImportFile@2766ca9d]" started-at="2024-07-24T11:20:15 ICT" name="AddMailingListDuplicatedTest" data-provider="getData" finished-at="2024-07-24T11:21:05 ICT" duration-ms="49475" status="PASS">
          <params>
            <param index="0">
              <value>
                <![CDATA[{password=Test1234@, email=agentq@mailinator.com}]]>
              </value>
            </param>
          </params>
          <reporter-output>
          </reporter-output>
        </test-method> <!-- AddMailingListDuplicatedTest -->
      </class> <!-- HomeMeta.PageObjects.AddMailingListImportFile -->
    </test> <!-- Add Mailing List Import File Duplicated -->
    <test started-at="2024-07-24T11:21:05 ICT" name="Add Mailing List Import File Incorrect Format" finished-at="2024-07-24T11:21:32 ICT" duration-ms="27264">
      <class name="HomeMeta.PageObjects.AddMailingListImportFile">
        <test-method is-config="true" signature="launchApplication()[pri:0, instance:HomeMeta.PageObjects.AddMailingListImportFile@388526fb]" started-at="2024-07-24T11:21:05 ICT" name="launchApplication" finished-at="2024-07-24T11:21:11 ICT" duration-ms="5737" status="PASS">
          <reporter-output>
          </reporter-output>
        </test-method> <!-- launchApplication -->
        <test-method signature="AddMailingListIncorrectFormat(java.util.HashMap)[pri:0, instance:HomeMeta.PageObjects.AddMailingListImportFile@388526fb]" started-at="2024-07-24T11:21:11 ICT" name="AddMailingListIncorrectFormat" data-provider="getData" finished-at="2024-07-24T11:21:32 ICT" duration-ms="21519" status="PASS">
          <params>
            <param index="0">
              <value>
                <![CDATA[{password=Test1234@, email=agentq@mailinator.com}]]>
              </value>
            </param>
          </params>
          <reporter-output>
          </reporter-output>
        </test-method> <!-- AddMailingListIncorrectFormat -->
      </class> <!-- HomeMeta.PageObjects.AddMailingListImportFile -->
    </test> <!-- Add Mailing List Import File Incorrect Format -->
  </suite> <!-- Add Mailing List with Draw -->
</testng-results>
