<?xml version="1.0" encoding="UTF-8"?>
<testng-results ignored="0" total="2" passed="2" failed="0" skipped="0">
  <reporter-output>
  </reporter-output>
  <suite started-at="2024-07-22T18:09:55 ICT" name="Default suite" finished-at="2024-07-22T18:11:06 ICT" duration-ms="71865">
    <groups>
    </groups>
    <test started-at="2024-07-22T18:09:55 ICT" name="Default test" finished-at="2024-07-22T18:11:06 ICT" duration-ms="71865">
      <class name="HomeMeta.PageObjects.RegisterBroker">
        <test-method is-config="true" signature="launchApplication()[pri:0, instance:HomeMeta.PageObjects.RegisterBroker@449a4f23]" started-at="2024-07-22T18:09:55 ICT" name="launchApplication" finished-at="2024-07-22T18:10:02 ICT" duration-ms="7747" status="PASS">
          <reporter-output>
          </reporter-output>
        </test-method> <!-- launchApplication -->
        <test-method signature="RegisterAgentFailed(java.util.HashMap)[pri:0, instance:HomeMeta.PageObjects.RegisterBroker@449a4f23]" started-at="2024-07-22T18:10:03 ICT" name="RegisterAgentFailed" data-provider="getData" finished-at="2024-07-22T18:10:13 ICT" duration-ms="10727" status="PASS">
          <params>
            <param index="0">
              <value>
                <![CDATA[{firstName=Jigisha, lastName=Patel, password=Test1234@, numberPhone=0932134431, linkURL=https://staging-realestate.homemeta.io/, company=HDW, email=nicole9090@yopmail.com}]]>
              </value>
            </param>
          </params>
          <reporter-output>
          </reporter-output>
        </test-method> <!-- RegisterAgentFailed -->
        <test-method signature="RegisterBrokerTest(java.util.HashMap)[pri:0, instance:HomeMeta.PageObjects.RegisterBroker@449a4f23]" started-at="2024-07-22T18:10:13 ICT" name="RegisterBrokerTest" data-provider="getData1" finished-at="2024-07-22T18:11:06 ICT" duration-ms="53010" status="PASS">
          <params>
            <param index="0">
              <value>
                <![CDATA[{firstName=LonG, lastName=Patel, password=Test1234@, numberPhone=0932134431, linkURL=https://staging-realestate.homemeta.io/, company=HDW, email=longkzq1@yopmail.com}]]>
              </value>
            </param>
          </params>
          <reporter-output>
          </reporter-output>
        </test-method> <!-- RegisterBrokerTest -->
      </class> <!-- HomeMeta.PageObjects.RegisterBroker -->
    </test> <!-- Default test -->
  </suite> <!-- Default suite -->
</testng-results>
