<?xml version="1.0" encoding="UTF-8"?>
<!-- Generated by org.testng.reporters.JUnitXMLReporter -->
<testsuite ignored="0" hostname="Mac-HoaiLong.local" failures="0" tests="3" name="Manager Login" time="21.546" errors="0" timestamp="2024-07-18T15:02:33 ICT">
  <testcase classname="HomeMeta.PageObjects.ManagerLogin" name="TestLoginManagerDeleted" time="8.462"/>
  <testcase classname="HomeMeta.PageObjects.ManagerLogin" name="TestLoginManagerIncorrect" time="2.302"/>
  <testcase classname="HomeMeta.PageObjects.ManagerLogin" name="TestLoginManagerSuccess" time="10.497"/>
</testsuite> <!-- Manager Login -->
